Started GET "/" for ::1 at 2023-05-01 16:14:08 +0200
  
ActiveRecord::ConnectionNotEstablished (Verbindung zum Server auf Socket »/tmp/.s.PGSQL.5432« fehlgeschlagen: No such file or directory
	Läuft der Server lokal und akzeptiert er Verbindungen auf diesem Socket?
):
  
activerecord (7.0.4.3) lib/active_record/connection_adapters/postgresql_adapter.rb:87:in `rescue in new_client'
activerecord (7.0.4.3) lib/active_record/connection_adapters/postgresql_adapter.rb:77:in `new_client'
activerecord (7.0.4.3) lib/active_record/connection_adapters/postgresql_adapter.rb:37:in `postgresql_connection'
activerecord (7.0.4.3) lib/active_record/connection_adapters/abstract/connection_pool.rb:656:in `public_send'
activerecord (7.0.4.3) lib/active_record/connection_adapters/abstract/connection_pool.rb:656:in `new_connection'
activerecord (7.0.4.3) lib/active_record/connection_adapters/abstract/connection_pool.rb:700:in `checkout_new_connection'
activerecord (7.0.4.3) lib/active_record/connection_adapters/abstract/connection_pool.rb:679:in `try_to_checkout_new_connection'
activerecord (7.0.4.3) lib/active_record/connection_adapters/abstract/connection_pool.rb:640:in `acquire_connection'
activerecord (7.0.4.3) lib/active_record/connection_adapters/abstract/connection_pool.rb:341:in `checkout'
activerecord (7.0.4.3) lib/active_record/connection_adapters/abstract/connection_pool.rb:181:in `connection'
activerecord (7.0.4.3) lib/active_record/connection_adapters/abstract/connection_handler.rb:211:in `retrieve_connection'
activerecord (7.0.4.3) lib/active_record/connection_handling.rb:313:in `retrieve_connection'
activerecord (7.0.4.3) lib/active_record/connection_handling.rb:280:in `connection'
activerecord (7.0.4.3) lib/active_record/migration.rb:613:in `connection'
activerecord (7.0.4.3) lib/active_record/migration.rb:608:in `build_watcher'
activerecord (7.0.4.3) lib/active_record/migration.rb:590:in `block in call'
activerecord (7.0.4.3) lib/active_record/migration.rb:589:in `synchronize'
activerecord (7.0.4.3) lib/active_record/migration.rb:589:in `call'
actionpack (7.0.4.3) lib/action_dispatch/middleware/callbacks.rb:27:in `block in call'
activesupport (7.0.4.3) lib/active_support/callbacks.rb:99:in `run_callbacks'
actionpack (7.0.4.3) lib/action_dispatch/middleware/callbacks.rb:26:in `call'
actionpack (7.0.4.3) lib/action_dispatch/middleware/executor.rb:14:in `call'
actionpack (7.0.4.3) lib/action_dispatch/middleware/actionable_exceptions.rb:17:in `call'
actionpack (7.0.4.3) lib/action_dispatch/middleware/debug_exceptions.rb:28:in `call'
web-console (4.2.0) lib/web_console/middleware.rb:132:in `call_app'
web-console (4.2.0) lib/web_console/middleware.rb:28:in `block in call'
web-console (4.2.0) lib/web_console/middleware.rb:17:in `catch'
web-console (4.2.0) lib/web_console/middleware.rb:17:in `call'
actionpack (7.0.4.3) lib/action_dispatch/middleware/show_exceptions.rb:26:in `call'
railties (7.0.4.3) lib/rails/rack/logger.rb:40:in `call_app'
railties (7.0.4.3) lib/rails/rack/logger.rb:25:in `block in call'
activesupport (7.0.4.3) lib/active_support/tagged_logging.rb:99:in `block in tagged'
activesupport (7.0.4.3) lib/active_support/tagged_logging.rb:37:in `tagged'
activesupport (7.0.4.3) lib/active_support/tagged_logging.rb:99:in `tagged'
railties (7.0.4.3) lib/rails/rack/logger.rb:25:in `call'
sprockets-rails (3.4.2) lib/sprockets/rails/quiet_assets.rb:13:in `call'
actionpack (7.0.4.3) lib/action_dispatch/middleware/remote_ip.rb:93:in `call'
actionpack (7.0.4.3) lib/action_dispatch/middleware/request_id.rb:26:in `call'
rack (2.2.7) lib/rack/method_override.rb:24:in `call'
rack (2.2.7) lib/rack/runtime.rb:22:in `call'
activesupport (7.0.4.3) lib/active_support/cache/strategy/local_cache_middleware.rb:29:in `call'
actionpack (7.0.4.3) lib/action_dispatch/middleware/server_timing.rb:61:in `block in call'
actionpack (7.0.4.3) lib/action_dispatch/middleware/server_timing.rb:26:in `collect_events'
actionpack (7.0.4.3) lib/action_dispatch/middleware/server_timing.rb:60:in `call'
actionpack (7.0.4.3) lib/action_dispatch/middleware/executor.rb:14:in `call'
actionpack (7.0.4.3) lib/action_dispatch/middleware/static.rb:23:in `call'
rack (2.2.7) lib/rack/sendfile.rb:110:in `call'
actionpack (7.0.4.3) lib/action_dispatch/middleware/host_authorization.rb:137:in `call'
railties (7.0.4.3) lib/rails/engine.rb:530:in `call'
puma (5.6.5) lib/puma/configuration.rb:252:in `call'
puma (5.6.5) lib/puma/request.rb:77:in `block in handle_request'
puma (5.6.5) lib/puma/thread_pool.rb:340:in `with_force_shutdown'
puma (5.6.5) lib/puma/request.rb:76:in `handle_request'
puma (5.6.5) lib/puma/server.rb:443:in `process_client'
puma (5.6.5) lib/puma/thread_pool.rb:147:in `block in spawn_thread'
  [1m[35m (61.2ms)[0m  [1m[35mCREATE DATABASE "todo_development" ENCODING = 'unicode'[0m
  [1m[35m (56.3ms)[0m  [1m[35mCREATE DATABASE "todo_test" ENCODING = 'unicode'[0m
  [1m[35m (1.3ms)[0m  [1m[35mCREATE DATABASE "todo_development" ENCODING = 'unicode'[0m
  [1m[35m (2.7ms)[0m  [1m[35mCREATE DATABASE "todo_test" ENCODING = 'unicode'[0m
Started GET "/" for ::1 at 2023-05-01 16:18:00 +0200
Processing by Rails::WelcomeController#index as HTML
  Rendering /Users/andispeicher/.rbenv/versions/3.2.2/lib/ruby/gems/3.2.0/gems/railties-7.0.4.3/lib/rails/templates/rails/welcome/index.html.erb
  Rendered /Users/andispeicher/.rbenv/versions/3.2.2/lib/ruby/gems/3.2.0/gems/railties-7.0.4.3/lib/rails/templates/rails/welcome/index.html.erb (Duration: 2.7ms | Allocations: 490)
Completed 200 OK in 15ms (Views: 5.7ms | ActiveRecord: 0.0ms | Allocations: 4044)


  [1m[35m (6.4ms)[0m  [1m[35mCREATE TABLE "schema_migrations" ("version" character varying NOT NULL PRIMARY KEY)[0m
  [1m[35m (5.2ms)[0m  [1m[35mCREATE TABLE "ar_internal_metadata" ("key" character varying NOT NULL PRIMARY KEY, "value" character varying, "created_at" timestamp(6) NOT NULL, "updated_at" timestamp(6) NOT NULL)[0m
  [1m[35m (1.1ms)[0m  [1m[34mSELECT pg_try_advisory_lock(5790848985702910395)[0m
  [1m[36mActiveRecord::SchemaMigration Pluck (1.5ms)[0m  [1m[34mSELECT "schema_migrations"."version" FROM "schema_migrations" ORDER BY "schema_migrations"."version" ASC[0m
Migrating to CreateTasks (20230501142121)
  [1m[36mTRANSACTION (1.7ms)[0m  [1m[35mBEGIN[0m
  [1m[35m (6.1ms)[0m  [1m[35mCREATE TABLE "tasks" ("id" bigserial primary key, "title" character varying, "created_at" timestamp(6) NOT NULL, "updated_at" timestamp(6) NOT NULL)[0m
  [1m[36mActiveRecord::SchemaMigration Create (1.4ms)[0m  [1m[32mINSERT INTO "schema_migrations" ("version") VALUES ($1) RETURNING "version"[0m  [["version", "20230501142121"]]
  [1m[36mTRANSACTION (1.4ms)[0m  [1m[35mCOMMIT[0m
  [1m[36mActiveRecord::InternalMetadata Load (1.5ms)[0m  [1m[34mSELECT "ar_internal_metadata".* FROM "ar_internal_metadata" WHERE "ar_internal_metadata"."key" = $1 LIMIT $2[0m  [["key", "environment"], ["LIMIT", 1]]
  [1m[36mTRANSACTION (1.5ms)[0m  [1m[35mBEGIN[0m
  [1m[36mActiveRecord::InternalMetadata Create (1.6ms)[0m  [1m[32mINSERT INTO "ar_internal_metadata" ("key", "value", "created_at", "updated_at") VALUES ($1, $2, $3, $4) RETURNING "key"[0m  [["key", "environment"], ["value", "development"], ["created_at", "2023-05-01 14:21:39.640320"], ["updated_at", "2023-05-01 14:21:39.640320"]]
  [1m[36mTRANSACTION (1.6ms)[0m  [1m[35mCOMMIT[0m
  [1m[35m (1.3ms)[0m  [1m[34mSELECT pg_advisory_unlock(5790848985702910395)[0m
  [1m[36mActiveRecord::SchemaMigration Pluck (1.4ms)[0m  [1m[34mSELECT "schema_migrations"."version" FROM "schema_migrations" ORDER BY "schema_migrations"."version" ASC[0m
Started GET "/tasks" for ::1 at 2023-05-01 16:22:12 +0200
  [1m[36mActiveRecord::SchemaMigration Pluck (1.6ms)[0m  [1m[34mSELECT "schema_migrations"."version" FROM "schema_migrations" ORDER BY "schema_migrations"."version" ASC[0m
Processing by TasksController#index as HTML
  Rendering layout layouts/application.html.erb
  Rendering tasks/index.html.erb within layouts/application
  [1m[36mTask Load (1.8ms)[0m  [1m[34mSELECT "tasks".* FROM "tasks"[0m
  ↳ app/views/tasks/index.html.erb:6
  Rendered tasks/index.html.erb within layouts/application (Duration: 7.8ms | Allocations: 1546)
  Rendered layout layouts/application.html.erb (Duration: 709.2ms | Allocations: 72617)
Completed 200 OK in 726ms (Views: 711.4ms | ActiveRecord: 1.8ms | Allocations: 76468)


Started GET "/tasks/new" for ::1 at 2023-05-01 16:22:17 +0200
Processing by TasksController#new as HTML
  Rendering layout layouts/application.html.erb
  Rendering tasks/new.html.erb within layouts/application
  Rendered tasks/_form.html.erb (Duration: 18.3ms | Allocations: 4330)
  Rendered tasks/new.html.erb within layouts/application (Duration: 19.8ms | Allocations: 4656)
  Rendered layout layouts/application.html.erb (Duration: 21.6ms | Allocations: 5626)
Completed 200 OK in 41ms (Views: 22.1ms | ActiveRecord: 8.8ms | Allocations: 9606)


Started POST "/tasks" for ::1 at 2023-05-01 16:22:20 +0200
Processing by TasksController#create as HTML
  Parameters: {"authenticity_token"=>"[FILTERED]", "task"=>{"title"=>"dfsdfsdf"}, "commit"=>"Create Task"}
  [1m[36mTRANSACTION (1.4ms)[0m  [1m[35mBEGIN[0m
  ↳ app/controllers/tasks_controller.rb:27:in `block in create'
  [1m[36mTask Create (2.7ms)[0m  [1m[32mINSERT INTO "tasks" ("title", "created_at", "updated_at") VALUES ($1, $2, $3) RETURNING "id"[0m  [["title", "dfsdfsdf"], ["created_at", "2023-05-01 14:22:20.487486"], ["updated_at", "2023-05-01 14:22:20.487486"]]
  ↳ app/controllers/tasks_controller.rb:27:in `block in create'
  [1m[36mTRANSACTION (2.5ms)[0m  [1m[35mCOMMIT[0m
  ↳ app/controllers/tasks_controller.rb:27:in `block in create'
Redirected to http://localhost:3000/tasks/1
Completed 302 Found in 16ms (ActiveRecord: 6.6ms | Allocations: 3660)


Started GET "/tasks/1" for ::1 at 2023-05-01 16:22:20 +0200
Processing by TasksController#show as HTML
  Parameters: {"id"=>"1"}
  [1m[36mTask Load (1.5ms)[0m  [1m[34mSELECT "tasks".* FROM "tasks" WHERE "tasks"."id" = $1 LIMIT $2[0m  [["id", 1], ["LIMIT", 1]]
  ↳ app/controllers/tasks_controller.rb:63:in `set_task'
  Rendering layout layouts/application.html.erb
  Rendering tasks/show.html.erb within layouts/application
  Rendered tasks/_task.html.erb (Duration: 0.6ms | Allocations: 169)
  Rendered tasks/show.html.erb within layouts/application (Duration: 4.5ms | Allocations: 1292)
  Rendered layout layouts/application.html.erb (Duration: 5.9ms | Allocations: 2253)
Completed 200 OK in 17ms (Views: 6.3ms | ActiveRecord: 3.0ms | Allocations: 4866)


Started GET "/tasks" for ::1 at 2023-05-01 16:22:23 +0200
Processing by TasksController#index as HTML
  Rendering layout layouts/application.html.erb
  Rendering tasks/index.html.erb within layouts/application
  [1m[36mTask Load (1.4ms)[0m  [1m[34mSELECT "tasks".* FROM "tasks"[0m
  ↳ app/views/tasks/index.html.erb:6
  Rendered tasks/_task.html.erb (Duration: 0.1ms | Allocations: 17)
  Rendered tasks/index.html.erb within layouts/application (Duration: 4.7ms | Allocations: 923)
  Rendered layout layouts/application.html.erb (Duration: 6.3ms | Allocations: 1892)
Completed 200 OK in 7ms (Views: 5.4ms | ActiveRecord: 1.4ms | Allocations: 2159)


Started GET "/tasks/new" for ::1 at 2023-05-01 16:22:27 +0200
Processing by TasksController#new as HTML
  Rendering layout layouts/application.html.erb
  Rendering tasks/new.html.erb within layouts/application
  Rendered tasks/_form.html.erb (Duration: 1.1ms | Allocations: 725)
  Rendered tasks/new.html.erb within layouts/application (Duration: 1.3ms | Allocations: 814)
  Rendered layout layouts/application.html.erb (Duration: 4.7ms | Allocations: 1783)
Completed 200 OK in 6ms (Views: 5.5ms | ActiveRecord: 0.0ms | Allocations: 2051)


Started POST "/tasks" for ::1 at 2023-05-01 16:22:29 +0200
Processing by TasksController#create as HTML
  Parameters: {"authenticity_token"=>"[FILTERED]", "task"=>{"title"=>"ssdfsdfsdf"}, "commit"=>"Create Task"}
  [1m[36mTRANSACTION (1.4ms)[0m  [1m[35mBEGIN[0m
  ↳ app/controllers/tasks_controller.rb:27:in `block in create'
  [1m[36mTask Create (1.6ms)[0m  [1m[32mINSERT INTO "tasks" ("title", "created_at", "updated_at") VALUES ($1, $2, $3) RETURNING "id"[0m  [["title", "ssdfsdfsdf"], ["created_at", "2023-05-01 14:22:29.887250"], ["updated_at", "2023-05-01 14:22:29.887250"]]
  ↳ app/controllers/tasks_controller.rb:27:in `block in create'
  [1m[36mTRANSACTION (2.9ms)[0m  [1m[35mCOMMIT[0m
  ↳ app/controllers/tasks_controller.rb:27:in `block in create'
Redirected to http://localhost:3000/tasks/2
Completed 302 Found in 15ms (ActiveRecord: 5.9ms | Allocations: 2300)


Started GET "/tasks/2" for ::1 at 2023-05-01 16:22:29 +0200
Processing by TasksController#show as HTML
  Parameters: {"id"=>"2"}
  [1m[36mTask Load (1.5ms)[0m  [1m[34mSELECT "tasks".* FROM "tasks" WHERE "tasks"."id" = $1 LIMIT $2[0m  [["id", 2], ["LIMIT", 1]]
  ↳ app/controllers/tasks_controller.rb:63:in `set_task'
  Rendering layout layouts/application.html.erb
  Rendering tasks/show.html.erb within layouts/application
  Rendered tasks/_task.html.erb (Duration: 0.1ms | Allocations: 17)
  Rendered tasks/show.html.erb within layouts/application (Duration: 1.1ms | Allocations: 584)
  Rendered layout layouts/application.html.erb (Duration: 2.9ms | Allocations: 1544)
Completed 200 OK in 9ms (Views: 3.3ms | ActiveRecord: 1.5ms | Allocations: 2312)


Started GET "/tasks" for ::1 at 2023-05-01 16:22:31 +0200
Processing by TasksController#index as HTML
  Rendering layout layouts/application.html.erb
  Rendering tasks/index.html.erb within layouts/application
  [1m[36mTask Load (1.9ms)[0m  [1m[34mSELECT "tasks".* FROM "tasks"[0m
  ↳ app/views/tasks/index.html.erb:6
  Rendered tasks/_task.html.erb (Duration: 0.1ms | Allocations: 17)
  Rendered tasks/_task.html.erb (Duration: 0.0ms | Allocations: 16)
  Rendered tasks/index.html.erb within layouts/application (Duration: 7.1ms | Allocations: 1053)
  Rendered layout layouts/application.html.erb (Duration: 9.2ms | Allocations: 2021)
Completed 200 OK in 12ms (Views: 9.4ms | ActiveRecord: 1.9ms | Allocations: 2281)


Started GET "/tasks/2" for ::1 at 2023-05-01 16:22:53 +0200
Processing by TasksController#show as HTML
  Parameters: {"id"=>"2"}
  [1m[36mTask Load (1.5ms)[0m  [1m[34mSELECT "tasks".* FROM "tasks" WHERE "tasks"."id" = $1 LIMIT $2[0m  [["id", 2], ["LIMIT", 1]]
  ↳ app/controllers/tasks_controller.rb:63:in `set_task'
  Rendering layout layouts/application.html.erb
  Rendering tasks/show.html.erb within layouts/application
  Rendered tasks/_task.html.erb (Duration: 0.3ms | Allocations: 17)
  Rendered tasks/show.html.erb within layouts/application (Duration: 3.4ms | Allocations: 549)
  Rendered layout layouts/application.html.erb (Duration: 5.6ms | Allocations: 1509)
Completed 200 OK in 11ms (Views: 6.3ms | ActiveRecord: 1.5ms | Allocations: 2277)


Started GET "/tasks/2/edit" for ::1 at 2023-05-01 16:22:55 +0200
Processing by TasksController#edit as HTML
  Parameters: {"id"=>"2"}
  [1m[36mTask Load (1.6ms)[0m  [1m[34mSELECT "tasks".* FROM "tasks" WHERE "tasks"."id" = $1 LIMIT $2[0m  [["id", 2], ["LIMIT", 1]]
  ↳ app/controllers/tasks_controller.rb:63:in `set_task'
  Rendering layout layouts/application.html.erb
  Rendering tasks/edit.html.erb within layouts/application
  Rendered tasks/_form.html.erb (Duration: 1.2ms | Allocations: 822)
  Rendered tasks/edit.html.erb within layouts/application (Duration: 2.0ms | Allocations: 1110)
  Rendered layout layouts/application.html.erb (Duration: 3.3ms | Allocations: 2070)
Completed 200 OK in 9ms (Views: 3.6ms | ActiveRecord: 1.6ms | Allocations: 2895)


Started PATCH "/tasks/2" for ::1 at 2023-05-01 16:22:59 +0200
Processing by TasksController#update as HTML
  Parameters: {"authenticity_token"=>"[FILTERED]", "task"=>{"title"=>"task 2"}, "commit"=>"Update Task", "id"=>"2"}
  [1m[36mTask Load (1.7ms)[0m  [1m[34mSELECT "tasks".* FROM "tasks" WHERE "tasks"."id" = $1 LIMIT $2[0m  [["id", 2], ["LIMIT", 1]]
  ↳ app/controllers/tasks_controller.rb:63:in `set_task'
  [1m[36mTRANSACTION (1.6ms)[0m  [1m[35mBEGIN[0m
  ↳ app/controllers/tasks_controller.rb:40:in `block in update'
  [1m[36mTask Update (1.7ms)[0m  [1m[33mUPDATE "tasks" SET "title" = $1, "updated_at" = $2 WHERE "tasks"."id" = $3[0m  [["title", "task 2"], ["updated_at", "2023-05-01 14:22:59.498028"], ["id", 2]]
  ↳ app/controllers/tasks_controller.rb:40:in `block in update'
  [1m[36mTRANSACTION (2.1ms)[0m  [1m[35mCOMMIT[0m
  ↳ app/controllers/tasks_controller.rb:40:in `block in update'
Redirected to http://localhost:3000/tasks/2
Completed 302 Found in 23ms (ActiveRecord: 7.1ms | Allocations: 3017)


Started GET "/tasks/2" for ::1 at 2023-05-01 16:22:59 +0200
Processing by TasksController#show as HTML
  Parameters: {"id"=>"2"}
  [1m[36mTask Load (1.3ms)[0m  [1m[34mSELECT "tasks".* FROM "tasks" WHERE "tasks"."id" = $1 LIMIT $2[0m  [["id", 2], ["LIMIT", 1]]
  ↳ app/controllers/tasks_controller.rb:63:in `set_task'
  Rendering layout layouts/application.html.erb
  Rendering tasks/show.html.erb within layouts/application
  Rendered tasks/_task.html.erb (Duration: 0.0ms | Allocations: 17)
  Rendered tasks/show.html.erb within layouts/application (Duration: 0.8ms | Allocations: 579)
  Rendered layout layouts/application.html.erb (Duration: 2.1ms | Allocations: 1547)
Completed 200 OK in 8ms (Views: 2.5ms | ActiveRecord: 1.3ms | Allocations: 2316)


